<?xml version="1.0" encoding="UTF-8"?>
<testng-results ignored="0" total="1" passed="1" failed="0" skipped="0">
  <reporter-output>
  </reporter-output>
  <suite started-at="2023-03-02T07:21:36Z" name="Default suite" finished-at="2023-03-02T07:21:40Z" duration-ms="4172">
    <groups>
    </groups>
    <test started-at="2023-03-02T07:21:36Z" name="Default test" finished-at="2023-03-02T07:21:40Z" duration-ms="4172">
      <class name="test.Datastore">
        <test-method is-config="true" signature="before()[pri:0, instance:test.Datastore@65e98b1c]" started-at="2023-03-02T07:21:36Z" name="before" finished-at="2023-03-02T07:21:38Z" duration-ms="2220" status="PASS">
          <reporter-output>
          </reporter-output>
        </test-method> <!-- before -->
        <test-method signature="TC_02_create_and_update_created_item()[pri:0, instance:test.Datastore@65e98b1c]" started-at="2023-03-02T07:21:38Z" name="TC_02_create_and_update_created_item" finished-at="2023-03-02T07:21:40Z" duration-ms="1926" status="PASS">
          <reporter-output>
          </reporter-output>
        </test-method> <!-- TC_02_create_and_update_created_item -->
      </class> <!-- test.Datastore -->
    </test> <!-- Default test -->
  </suite> <!-- Default suite -->
</testng-results>
